0 info it worked if it ends with ok
1 verbose cli [ 'C:\\Program Files\\nodejs\\node.exe',
1 verbose cli   'C:\\Program Files\\nodejs\\node_modules\\npm\\bin\\npm-cli.js',
1 verbose cli   'publish' ]
2 info using npm@2.14.7
3 info using node@v4.2.2
4 verbose publish [ '.' ]
5 silly cache add args [ '.', null ]
6 verbose cache add spec .
7 silly cache add parsed spec Result {
7 silly cache add   raw: '.',
7 silly cache add   scope: null,
7 silly cache add   name: null,
7 silly cache add   rawSpec: '.',
7 silly cache add   spec: 'C:\\Users\\Steve\\Documents\\NetBeansProjects\\si-file',
7 silly cache add   type: 'directory' }
8 verbose addLocalDirectory C:\Users\Steve\AppData\Roaming\npm-cache\si-file\1.1.1\package.tgz not in flight; packing
9 verbose tar pack [ 'C:\\Users\\Steve\\AppData\\Roaming\\npm-cache\\si-file\\1.1.1\\package.tgz',
9 verbose tar pack   'C:\\Users\\Steve\\Documents\\NetBeansProjects\\si-file' ]
10 verbose tarball C:\Users\Steve\AppData\Roaming\npm-cache\si-file\1.1.1\package.tgz
11 verbose folder C:\Users\Steve\Documents\NetBeansProjects\si-file
12 info prepublish si-file@1.1.1
13 verbose addLocalTarball adding from inside cache C:\Users\Steve\AppData\Roaming\npm-cache\si-file\1.1.1\package.tgz
14 silly cache afterAdd si-file@1.1.1
15 verbose afterAdd C:\Users\Steve\AppData\Roaming\npm-cache\si-file\1.1.1\package\package.json not in flight; writing
16 verbose afterAdd C:\Users\Steve\AppData\Roaming\npm-cache\si-file\1.1.1\package\package.json written
17 silly publish { name: 'si-file',
17 silly publish   version: '1.1.1',
17 silly publish   description: 'A general-purpose File object to assist with any Node project',
17 silly publish   homepage: 'https://github.com/j-steve/si-file',
17 silly publish   keywords: [ 'util', 'file', 'os', 'fs', 'promise' ],
17 silly publish   author: { name: 'J. Stephen Sichina' },
17 silly publish   repository:
17 silly publish    { type: 'git',
17 silly publish      url: 'git+https://github.com/j-steve/si-file.git' },
17 silly publish   main: 'src/index.js',
17 silly publish   engines: { node: '>=0.6' },
17 silly publish   dependencies:
17 silly publish    { 'body-parser': '1.13.x',
17 silly publish      'cookie-parser': '1.3.x',
17 silly publish      debug: '2.2.x' },
17 silly publish   readme: '# si-file\r\n\r\nA general-purpose File object to assist with any project, using Promises for asynchronous operations.\r\n\r\nIt uses the [Bluebird](https://www.npmjs.com/package/bluebird) implementation of Promises. \r\n\r\n## Basic usage\r\n\r\n#### Instantiation\r\nFor basic instantiation, simply require the library and pass in the file path as a constructor parameter.\r\n\r\n```js\r\nvar File = require(\'si-file\');\r\n\r\nvar file = new File(\'dir/myFile.txt\');\r\n```\r\n##### Encoding Type\r\nYou may optionally specify the file encoding type as a second parameter, which will be used for all read/write operations.\r\nIf you do not specify an encoding then `utf8` will be used by default.\r\n\r\n```js\r\nvar file = new File(\'dir/myFile.txt\', \'ascii\');\r\n```\r\n\r\nNode supports the following encoding types:\r\n - `utf-8` (or `utf8`)\r\n - `ascii`\r\n - `base64`\r\n - `binary`\r\n - `hex`\r\n - `ucs-2` (or `ucs2`, `utf16le`, or `utf-16le`)\r\n\r\n\r\n#### File Properties\r\n\r\nFile has two read-only properties.  Use `file.path` to get the full path of the file, as passed into the constructor.\r\nYou can also use `file.name` get the filename only, without the directory (but including the file extension, if applicable).\r\n\r\n```js\r\nfile.path === \'dir/myFile.txt\';  // true\r\nfile.name === \'myFile.txt\';      // true\r\n```\r\n\r\nTo see whether the file actually exists on the filesystem, use `file.existsSync()`.\r\n\r\n```js\r\nif (file.existsSync()) {\r\n  // file exists\r\n}\r\n```\r\n\r\n## Reading\r\n\r\n#### Async\r\n\r\nThe asynchronous methods return Promises of the requested data.\r\n\r\n```js\r\nfile.read().then(function(fileData) {\r\n  // file has been read; fileData is the full contents\r\n}).catch(function(err) {\r\n  // handle any errors\r\n});\r\n\r\nfile.readLines().then(function(fileDataLines) {\r\n  // file has been read; fileDataLines is an array of its lines\r\n});\r\n```\r\n\r\n#### Synchronous\r\n\r\nThe read methods are also available in synchronous forms, using `file.readSync()` and `file.readLinesSync()`.\r\n\r\n## Writing\r\n\r\nUse `file.write()` to write data asynchronously.  Optionally pass options as a second parameter.\r\n\r\n```js\r\nfile.write("some data").then(function() {\r\n  // file is written\r\n});\r\n```\r\n\r\nYou can also write a single line, which will append the system-appropriate line ending (`\\n` or `\\r\\n`) to the end of the given string, if it does not already end with that character.  Any existing line endings within the string are preserved.\r\n\r\n```js\r\nfile.writeLine("some data").then(function() {\r\n  // file is written\r\n});\r\n```\r\n\r\n#### Appending\r\n\r\nYou can also use `file.append()` and `file.appendLine()`, which work like their "write" counterparts except that they append the data to the given file rather than overwriting the entire file.\r\n\r\n## File Deletion\r\n\r\n```js\r\nfile.delete().then(function() {\r\n  // file is deleted\r\n});\r\n```',
17 silly publish   readmeFilename: 'README.md',
17 silly publish   gitHead: 'abda299d589f3ee31480586498d45b4a73ec6d12',
17 silly publish   bugs: { url: 'https://github.com/j-steve/si-file/issues' },
17 silly publish   _id: 'si-file@1.1.1',
17 silly publish   scripts: {},
17 silly publish   _shasum: '42423aa16fc896998ca5e20a13e08e156084549c',
17 silly publish   _from: '.' }
18 verbose getPublishConfig undefined
19 silly mapToRegistry name si-file
20 silly mapToRegistry using default registry
21 silly mapToRegistry registry https://registry.npmjs.org/
22 silly mapToRegistry uri https://registry.npmjs.org/si-file
23 verbose publish registryBase https://registry.npmjs.org/
24 silly publish uploading C:\Users\Steve\AppData\Roaming\npm-cache\si-file\1.1.1\package.tgz
25 verbose request uri https://registry.npmjs.org/si-file
26 verbose request sending authorization for write operation
27 info attempt registry request try #1 at 7:33:26 PM
28 verbose request using bearer token for auth
29 verbose request id bd97dab31ce0cba6
30 http request PUT https://registry.npmjs.org/si-file
31 http 403 https://registry.npmjs.org/si-file
32 verbose headers { 'content-type': 'application/json',
32 verbose headers   'cache-control': 'max-age=300',
32 verbose headers   'content-length': '95',
32 verbose headers   'accept-ranges': 'bytes',
32 verbose headers   date: 'Sat, 21 May 2016 23:33:15 GMT',
32 verbose headers   via: '1.1 varnish',
32 verbose headers   connection: 'keep-alive',
32 verbose headers   'x-served-by': 'cache-jfk1029-JFK',
32 verbose headers   'x-cache': 'MISS',
32 verbose headers   'x-cache-hits': '0',
32 verbose headers   'x-timer': 'S1463873594.921565,VS0,VE760',
32 verbose headers   vary: 'Accept-Encoding' }
33 verbose request invalidating C:\Users\Steve\AppData\Roaming\npm-cache\registry.npmjs.org\si-file on PUT
34 error publish Failed PUT 403
35 verbose stack Error: "You cannot publish over the previously published version 1.1.1." : si-file
35 verbose stack     at makeError (C:\Program Files\nodejs\node_modules\npm\node_modules\npm-registry-client\lib\request.js:264:12)
35 verbose stack     at CachingRegistryClient.<anonymous> (C:\Program Files\nodejs\node_modules\npm\node_modules\npm-registry-client\lib\request.js:252:14)
35 verbose stack     at Request._callback (C:\Program Files\nodejs\node_modules\npm\node_modules\npm-registry-client\lib\request.js:172:14)
35 verbose stack     at Request.self.callback (C:\Program Files\nodejs\node_modules\npm\node_modules\request\request.js:198:22)
35 verbose stack     at emitTwo (events.js:87:13)
35 verbose stack     at Request.emit (events.js:172:7)
35 verbose stack     at Request.<anonymous> (C:\Program Files\nodejs\node_modules\npm\node_modules\request\request.js:1063:14)
35 verbose stack     at emitOne (events.js:82:20)
35 verbose stack     at Request.emit (events.js:169:7)
35 verbose stack     at IncomingMessage.<anonymous> (C:\Program Files\nodejs\node_modules\npm\node_modules\request\request.js:1009:12)
36 verbose statusCode 403
37 verbose pkgid si-file
38 verbose cwd C:\Users\Steve\Documents\NetBeansProjects\si-file
39 error Windows_NT 6.1.7601
40 error argv "C:\\Program Files\\nodejs\\node.exe" "C:\\Program Files\\nodejs\\node_modules\\npm\\bin\\npm-cli.js" "publish"
41 error node v4.2.2
42 error npm  v2.14.7
43 error code E403
44 error "You cannot publish over the previously published version 1.1.1." : si-file
45 error If you need help, you may report this error at:
45 error     <https://github.com/npm/npm/issues>
46 verbose exit [ 1, true ]
